<?xml version="1.0" encoding="UTF-8"?>
<testng-results ignored="0" total="1" passed="1" failed="0" skipped="0">
  <reporter-output>
  </reporter-output>
  <suite started-at="2024-08-14T14:32:06 IST" name="Default suite" finished-at="2024-08-14T14:32:06 IST" duration-ms="30">
    <groups>
    </groups>
    <test started-at="2024-08-14T14:32:06 IST" name="Default test" finished-at="2024-08-14T14:32:06 IST" duration-ms="30">
      <class name="qsp.Demo1">
        <test-method signature="reverse()[pri:0, instance:qsp.Demo1@a3d8174]" started-at="2024-08-14T14:32:06 IST" name="reverse" finished-at="2024-08-14T14:32:06 IST" duration-ms="6" status="PASS">
          <reporter-output>
          </reporter-output>
        </test-method> <!-- reverse -->
      </class> <!-- qsp.Demo1 -->
    </test> <!-- Default test -->
  </suite> <!-- Default suite -->
</testng-results>
